Start testing: Apr 25 18:43 RTZ 2 (зима)
----------------------------------------------------------
Unable to find executable: D:/Projects/Game_Project/build/BunkerSmokeChecks.exe
1/1 Testing: BunkerSmokeChecks
1/1 Test: BunkerSmokeChecks
Command: ""
Directory: D:/Projects/Game_Project/build
"BunkerSmokeChecks" start time: 
Output:
----------------------------------------------------------
<end of output>
Test time =   0.00 sec
----------------------------------------------------------
Test Passed.
"BunkerSmokeChecks" end time: Apr 25 18:43 RTZ 2 (зима)
"BunkerSmokeChecks" time elapsed: 00:00:00
----------------------------------------------------------

End testing: Apr 25 18:43 RTZ 2 (зима)
