Start testing: Apr 26 18:34 RTZ 2 (çèìà)
----------------------------------------------------------
1/1 Testing: BunkerSmokeChecks
1/1 Test: BunkerSmokeChecks
Command: "D:/Projects/Game_Project/build_finish_msvc/Debug/BunkerSmokeChecks.exe"
Directory: D:/Projects/Game_Project/build_finish_msvc
"BunkerSmokeChecks" start time: Apr 26 18:34 RTZ 2 (çèìà)
Output:
----------------------------------------------------------
<end of output>
Test time =  34.34 sec
----------------------------------------------------------
Test Passed.
"BunkerSmokeChecks" end time: Apr 26 18:34 RTZ 2 (çèìà)
"BunkerSmokeChecks" time elapsed: 00:00:34
----------------------------------------------------------

End testing: Apr 26 18:34 RTZ 2 (çèìà)
