Start testing: Apr 24 20:42 RTZ 2 (çèìà)
----------------------------------------------------------
1/1 Testing: BunkerSmokeChecks
1/1 Test: BunkerSmokeChecks
Command: "D:/Projects/Game_Project/build_verify_ninja_fresh/BunkerSmokeChecks.exe"
Directory: D:/Projects/Game_Project/build_verify_ninja_fresh
"BunkerSmokeChecks" start time: Apr 24 20:42 RTZ 2 (çèìà)
Output:
----------------------------------------------------------
<end of output>
Test time =   8.12 sec
----------------------------------------------------------
Test Passed.
"BunkerSmokeChecks" end time: Apr 24 20:42 RTZ 2 (çèìà)
"BunkerSmokeChecks" time elapsed: 00:00:08
----------------------------------------------------------

End testing: Apr 24 20:42 RTZ 2 (çèìà)
