Start testing: Apr 23 10:13 RTZ 2 (çèìà)
----------------------------------------------------------
1/1 Testing: BunkerSmokeChecks
1/1 Test: BunkerSmokeChecks
Command: "D:/Projects/Game_Project/build_verify_ninja_fresh/BunkerSmokeChecks.exe"
Directory: D:/Projects/Game_Project/build_verify_ninja_fresh
"BunkerSmokeChecks" start time: Apr 23 10:13 RTZ 2 (çèìà)
Output:
----------------------------------------------------------
<end of output>
Test time =   1.75 sec
----------------------------------------------------------
Test Passed.
"BunkerSmokeChecks" end time: Apr 23 10:13 RTZ 2 (çèìà)
"BunkerSmokeChecks" time elapsed: 00:00:01
----------------------------------------------------------

End testing: Apr 23 10:13 RTZ 2 (çèìà)
